<?xml version="1.0" encoding="UTF-8"?>
<!-- Generated by org.testng.reporters.JUnitReportReporter -->
<testsuite skipped="0" hostname="DESKTOP-H8RTC1S" name="ra.admin.ra.admin.search_tour" tests="1" failures="0" timestamp="2019-09-11T14:59:24 IST" time="32.821" errors="0">
  <testcase name="search" time="32.821" classname="ra.admin.ra.admin.search_tour"/>
</testsuite> <!-- ra.admin.ra.admin.search_tour -->
