<?xml version="1.0" encoding="UTF-8"?>
<!-- Generated by org.testng.reporters.JUnitReportReporter -->
<testsuite skipped="0" hostname="DESKTOP-H8RTC1S" name="ra.admin.ra.admin.searc_book_car" tests="1" failures="0" timestamp="2019-09-11T14:56:47 IST" time="23.400" errors="0">
  <testcase name="search_car" time="23.400" classname="ra.admin.ra.admin.searc_book_car"/>
</testsuite> <!-- ra.admin.ra.admin.searc_book_car -->
