<?xml version="1.0" encoding="UTF-8"?>
<!-- Generated by org.testng.reporters.JUnitReportReporter -->
<testsuite skipped="0" hostname="DESKTOP-H8RTC1S" name="ra.admin.ra.admin.book_tour" tests="1" failures="0" timestamp="2019-09-11T15:07:34 IST" time="14.959" errors="0">
  <testcase name="book_tour" time="14.959" classname="ra.admin.ra.admin.book_tour"/>
</testsuite> <!-- ra.admin.ra.admin.book_tour -->
