<?xml version="1.0" encoding="UTF-8"?>
<!-- Generated by org.testng.reporters.JUnitReportReporter -->
<testsuite skipped="0" hostname="DESKTOP-H8RTC1S" name="ra.admin.ra.admin.search_hotel" tests="1" failures="0" timestamp="2019-09-11T15:10:17 IST" time="21.262" errors="0">
  <testcase name="search_hotel" time="21.262" classname="ra.admin.ra.admin.search_hotel"/>
</testsuite> <!-- ra.admin.ra.admin.search_hotel -->
