<?xml version="1.0" encoding="UTF-8"?>
<!-- Generated by org.testng.reporters.JUnitReportReporter -->
<testsuite skipped="0" hostname="DESKTOP-H8RTC1S" name="ra.admin.ra.admin.admin" tests="13" failures="0" timestamp="2019-09-11T14:49:11 IST" time="174.312" errors="0">
  <testcase name="login" time="1.317" classname="ra.admin.ra.admin.admin"/>
  <testcase name="add_admin" time="12.166" classname="ra.admin.ra.admin.admin"/>
  <testcase name="hotel_view" time="4.585" classname="ra.admin.ra.admin.admin"/>
  <testcase name="remove" time="19.848" classname="ra.admin.ra.admin.admin"/>
  <testcase name="view_flight_booking" time="20.195" classname="ra.admin.ra.admin.admin"/>
  <testcase name="remove_flight_booking" time="20.255" classname="ra.admin.ra.admin.admin"/>
  <testcase name="add_tours" time="53.653" classname="ra.admin.ra.admin.admin"/>
  <testcase name="edit_tours" time="10.253" classname="ra.admin.ra.admin.admin"/>
  <testcase name="delete_tours" time="4.083" classname="ra.admin.ra.admin.admin"/>
  <testcase name="search" time="5.824" classname="ra.admin.ra.admin.admin"/>
  <testcase name="edit_car" time="7.429" classname="ra.admin.ra.admin.admin"/>
  <testcase name="delete_car" time="8.585" classname="ra.admin.ra.admin.admin"/>
  <testcase name="search_Car" time="6.119" classname="ra.admin.ra.admin.admin"/>
</testsuite> <!-- ra.admin.ra.admin.admin -->
